Using pre-set license
Built from '2021.1/staging' branch; Version is '2021.1.20f1 (be552157821d) revision 12473633'; Using compiler version '192528614'; Build Type 'Release'
OS: 'Windows 10 Home; OS build 19042.1288; Version 2009; 64bit' Language: 'nl' Physical Memory: 16272 MB
BatchMode: 1, IsHumanControllingUs: 0, StartBugReporterOnCrash: 0, Is64bit: 1, IsPro: 0

COMMAND LINE ARGUMENTS:
D:\unity\2021.1.20f1\Editor\Unity.exe
-adb2
-batchMode
-noUpm
-name
AssetImportWorker0
-projectPath
D:/bestanden/SintLucas/leerjaar 4/Practice/AllForOne/All For One
-logFile
Logs/AssetImportWorker0.log
-srvPort
59338
Successfully changed project path to: D:/bestanden/SintLucas/leerjaar 4/Practice/AllForOne/All For One
D:/bestanden/SintLucas/leerjaar 4/Practice/AllForOne/All For One
Using Asset Import Pipeline V2.
Refreshing native plugins compatible for Editor in 130.23 ms, found 3 plugins.
Preloading 0 native plugins for Editor in 0.00 ms.
Initialize engine version: 2021.1.20f1 (be552157821d)
[Subsystems] Discovering subsystems at path D:/unity/2021.1.20f1/Editor/Data/Resources/UnitySubsystems
[Subsystems] Discovering subsystems at path D:/bestanden/SintLucas/leerjaar 4/Practice/AllForOne/All For One/Assets
GfxDevice: creating device client; threaded=0; jobified=0
Direct3D:
    Version:  Direct3D 11.0 [level 11.1]
    Renderer: NVIDIA GeForce GTX 1060 with Max-Q Design (ID=0x1c20)
    Vendor:   NVIDIA
    VRAM:     2987 MB
    Driver:   27.21.14.6280
Initialize mono
Mono path[0] = 'D:/unity/2021.1.20f1/Editor/Data/Managed'
Mono path[1] = 'D:/unity/2021.1.20f1/Editor/Data/MonoBleedingEdge/lib/mono/unityjit'
Mono config path = 'D:/unity/2021.1.20f1/Editor/Data/MonoBleedingEdge/etc'
Using monoOptions --debugger-agent=transport=dt_socket,embedding=1,server=y,suspend=n,address=127.0.0.1:56824
Begin MonoManager ReloadAssembly
Registering precompiled unity dll's ...
Register platform support module: D:/unity/2021.1.20f1/Editor/Data/PlaybackEngines/WindowsStandaloneSupport/UnityEditor.WindowsStandalone.Extensions.dll
Registered in 0.001390 seconds.
Native extension for WindowsStandalone target not found
Refreshing native plugins compatible for Editor in 90.95 ms, found 3 plugins.
Preloading 0 native plugins for Editor in 0.00 ms.
Mono: successfully reloaded assembly
- Completed reload, in  2.653 seconds
Domain Reload Profiling:
	ReloadAssembly (2653ms)
		BeginReloadAssembly (100ms)
			ExecutionOrderSort (0ms)
			DisableScriptedObjects (0ms)
			BackupInstance (0ms)
			ReleaseScriptingObjects (0ms)
			CreateAndSetChildDomain (1ms)
		EndReloadAssembly (525ms)
			LoadAssemblies (100ms)
			RebuildTransferFunctionScriptingTraits (0ms)
			SetupTypeCache (181ms)
			ReleaseScriptCaches (0ms)
			RebuildScriptCaches (40ms)
			SetupLoadedEditorAssemblies (249ms)
				LogAssemblyErrors (0ms)
				InitializePlatformSupportModulesInManaged (8ms)
				SetLoadedEditorAssemblies (0ms)
				RefreshPlugins (91ms)
				BeforeProcessingInitializeOnLoad (1ms)
				ProcessInitializeOnLoadAttributes (116ms)
				ProcessInitializeOnLoadMethodAttributes (32ms)
				AfterProcessingInitializeOnLoad (0ms)
				EditorAssembliesLoaded (0ms)
			ExecutionOrderSort2 (0ms)
			AwakeInstancesAfterBackupRestoration (0ms)
Platform modules already initialized, skipping
Registering precompiled user dll's ...
Registered in 0.005269 seconds.
Begin MonoManager ReloadAssembly
Symbol file LoadedFromMemory doesn't match image D:\bestanden\SintLucas\leerjaar 4\Practice\AllForOne\All For One\Library\PackageCache\com.unity.visualscripting@1.6.1\Editor\VisualScripting.Core\Dependencies\YamlDotNet\Unity.VisualScripting.YamlDotNet.dll
Symbol file LoadedFromMemory doesn't match image D:\bestanden\SintLucas\leerjaar 4\Practice\AllForOne\All For One\Library\PackageCache\com.unity.visualscripting@1.6.1\Editor\VisualScripting.Core\Dependencies\DotNetZip\Unity.VisualScripting.IonicZip.dll
Native extension for WindowsStandalone target not found
Refreshing native plugins compatible for Editor in 0.56 ms, found 3 plugins.
Preloading 0 native plugins for Editor in 0.00 ms.
Mono: successfully reloaded assembly
- Completed reload, in  1.510 seconds
Domain Reload Profiling:
	ReloadAssembly (1511ms)
		BeginReloadAssembly (209ms)
			ExecutionOrderSort (0ms)
			DisableScriptedObjects (5ms)
			BackupInstance (0ms)
			ReleaseScriptingObjects (0ms)
			CreateAndSetChildDomain (25ms)
		EndReloadAssembly (1240ms)
			LoadAssemblies (326ms)
			RebuildTransferFunctionScriptingTraits (0ms)
			SetupTypeCache (432ms)
			ReleaseScriptCaches (1ms)
			RebuildScriptCaches (69ms)
			SetupLoadedEditorAssemblies (343ms)
				LogAssemblyErrors (0ms)
				InitializePlatformSupportModulesInManaged (4ms)
				SetLoadedEditorAssemblies (0ms)
				RefreshPlugins (1ms)
				BeforeProcessingInitializeOnLoad (67ms)
				ProcessInitializeOnLoadAttributes (263ms)
				ProcessInitializeOnLoadMethodAttributes (5ms)
				AfterProcessingInitializeOnLoad (3ms)
				EditorAssembliesLoaded (0ms)
			ExecutionOrderSort2 (0ms)
			AwakeInstancesAfterBackupRestoration (7ms)
Platform modules already initialized, skipping
========================================================================
Worker process is ready to serve import requests
Launched and connected shader compiler UnityShaderCompiler.exe after 0.14 seconds
Refreshing native plugins compatible for Editor in 0.76 ms, found 3 plugins.
Preloading 0 native plugins for Editor in 0.00 ms.
Unloading 2948 Unused Serialized files (Serialized files now loaded: 0)
System memory in use before: 105.7 MB.
System memory in use after: 105.9 MB.

Unloading 20 unused Assets to reduce memory usage. Loaded Objects now: 3394.
Total: 7.080000 ms (FindLiveObjects: 0.576200 ms CreateObjectMapping: 0.324000 ms MarkObjects: 6.015500 ms  DeleteObjects: 0.162900 ms)

AssetImportParameters requested are different than current active one (requested -> active):
  custom:framework-win-MediaFoundation: 216162199b28c13a410421893ffa2e32 -> 
  custom:video-decoder-ogg-theora: a1e56fd34408186e4bbccfd4996cb3dc -> 
  custom:container-muxer-webm: aa71ff27fc2769a1b78a27578f13a17b -> 
  custom:container-demuxer-webm: 4f35f7cbe854078d1ac9338744f61a02 -> 
  custom:container-demuxer-ogg: 62fdf1f143b41e24485cea50d1cbac27 -> 
  custom:video-encoder-webm-vp8: eb34c28f22e8b96e1ab97ce403110664 -> 
  custom:video-codec-MediaFoundation-h265: 746d11721c4dcdbdad8f713fa42b33f4 -> 
  custom:video-decoder-webm-vp8: 9c59270c3fd7afecdb556c50c9e8de78 -> 
  custom:audio-decoder-ogg-vorbis: bf7c407c2cedff20999df2af8eb42d56 -> 
  custom:audio-encoder-webm-vorbis: bf7c407c2cedff20999df2af8eb42d56 -> 
========================================================================
Received Import Request.
  path: Assets
  artifactKey: Guid(00000000000000001000000000000000) Importer(815301076,1909f56bfc062723c751e8b465ee728b)
Start importing Assets using Guid(00000000000000001000000000000000) Importer(815301076,1909f56bfc062723c751e8b465ee728b)  -> (artifact id: '42d402b061de3733987d63b9cc3b64de') in 0.018105 seconds 
========================================================================
Received Import Request.
  Time since last request: 0.000474 seconds.
  path: Assets/Scripts
  artifactKey: Guid(c1804ba05c22fa34cac0ec03e68a3503) Importer(815301076,1909f56bfc062723c751e8b465ee728b)
Start importing Assets/Scripts using Guid(c1804ba05c22fa34cac0ec03e68a3503) Importer(815301076,1909f56bfc062723c751e8b465ee728b)  -> (artifact id: '73f1804f262c18d36433acd54c9edf03') in 0.008247 seconds 
========================================================================
Received Import Request.
  Time since last request: 7.368607 seconds.
  path: Assets/Recourses
  artifactKey: Guid(bd4db6c48eeedb743ba40eb56796bf31) Importer(815301076,1909f56bfc062723c751e8b465ee728b)
Start importing Assets/Recourses using Guid(bd4db6c48eeedb743ba40eb56796bf31) Importer(815301076,1909f56bfc062723c751e8b465ee728b)  -> (artifact id: '7a4629b38532839ec9a9166934e5a541') in 0.007088 seconds 
========================================================================
Received Import Request.
  Time since last request: 11.014889 seconds.
  path: Assets/Materials
  artifactKey: Guid(4f77ecbb4129a844a9601a0f4ea34230) Importer(815301076,1909f56bfc062723c751e8b465ee728b)
Start importing Assets/Materials using Guid(4f77ecbb4129a844a9601a0f4ea34230) Importer(815301076,1909f56bfc062723c751e8b465ee728b)  -> (artifact id: '3da768c387be747960f11bff2209cbfa') in 0.009378 seconds 
========================================================================
Received Import Request.
  Time since last request: 7.049251 seconds.
  path: Assets/Textures
  artifactKey: Guid(4f77ecbb4129a844a9601a0f4ea34230) Importer(815301076,1909f56bfc062723c751e8b465ee728b)
Start importing Assets/Textures using Guid(4f77ecbb4129a844a9601a0f4ea34230) Importer(815301076,1909f56bfc062723c751e8b465ee728b)  -> (artifact id: '47e36ea5ccbf97a11c35f44025d21aef') in 0.008361 seconds 
========================================================================
Received Prepare
Registering precompiled user dll's ...
Registered in 0.015817 seconds.
Begin MonoManager ReloadAssembly
Symbol file LoadedFromMemory doesn't match image D:\bestanden\SintLucas\leerjaar 4\Practice\AllForOne\All For One\Library\PackageCache\com.unity.visualscripting@1.6.1\Editor\VisualScripting.Core\Dependencies\YamlDotNet\Unity.VisualScripting.YamlDotNet.dll
Symbol file LoadedFromMemory doesn't match image D:\bestanden\SintLucas\leerjaar 4\Practice\AllForOne\All For One\Library\PackageCache\com.unity.visualscripting@1.6.1\Editor\VisualScripting.Core\Dependencies\DotNetZip\Unity.VisualScripting.IonicZip.dll
Native extension for WindowsStandalone target not found
Refreshing native plugins compatible for Editor in 0.63 ms, found 3 plugins.
Preloading 0 native plugins for Editor in 0.00 ms.
Mono: successfully reloaded assembly
- Completed reload, in  1.129 seconds
Domain Reload Profiling:
	ReloadAssembly (1129ms)
		BeginReloadAssembly (149ms)
			ExecutionOrderSort (0ms)
			DisableScriptedObjects (5ms)
			BackupInstance (0ms)
			ReleaseScriptingObjects (0ms)
			CreateAndSetChildDomain (37ms)
		EndReloadAssembly (919ms)
			LoadAssemblies (125ms)
			RebuildTransferFunctionScriptingTraits (0ms)
			SetupTypeCache (371ms)
			ReleaseScriptCaches (1ms)
			RebuildScriptCaches (40ms)
			SetupLoadedEditorAssemblies (307ms)
				LogAssemblyErrors (0ms)
				InitializePlatformSupportModulesInManaged (5ms)
				SetLoadedEditorAssemblies (0ms)
				RefreshPlugins (1ms)
				BeforeProcessingInitializeOnLoad (48ms)
				ProcessInitializeOnLoadAttributes (245ms)
				ProcessInitializeOnLoadMethodAttributes (4ms)
				AfterProcessingInitializeOnLoad (2ms)
				EditorAssembliesLoaded (0ms)
			ExecutionOrderSort2 (0ms)
			AwakeInstancesAfterBackupRestoration (7ms)
Platform modules already initialized, skipping
Refreshing native plugins compatible for Editor in 0.63 ms, found 3 plugins.
Preloading 0 native plugins for Editor in 0.00 ms.
Unloading 3021 Unused Serialized files (Serialized files now loaded: 0)
System memory in use before: 112.9 MB.
System memory in use after: 111.5 MB.

Unloading 37 unused Assets to reduce memory usage. Loaded Objects now: 3493.
Total: 4.099400 ms (FindLiveObjects: 0.289100 ms CreateObjectMapping: 0.142300 ms MarkObjects: 2.948700 ms  DeleteObjects: 0.718400 ms)

AssetImportParameters requested are different than current active one (requested -> active):
  custom:framework-win-MediaFoundation: 216162199b28c13a410421893ffa2e32 -> 
  custom:video-decoder-ogg-theora: a1e56fd34408186e4bbccfd4996cb3dc -> 
  custom:container-muxer-webm: aa71ff27fc2769a1b78a27578f13a17b -> 
  custom:container-demuxer-webm: 4f35f7cbe854078d1ac9338744f61a02 -> 
  custom:container-demuxer-ogg: 62fdf1f143b41e24485cea50d1cbac27 -> 
  custom:video-encoder-webm-vp8: eb34c28f22e8b96e1ab97ce403110664 -> 
  custom:video-codec-MediaFoundation-h265: 746d11721c4dcdbdad8f713fa42b33f4 -> 
  custom:video-decoder-webm-vp8: 9c59270c3fd7afecdb556c50c9e8de78 -> 
  custom:audio-decoder-ogg-vorbis: bf7c407c2cedff20999df2af8eb42d56 -> 
  custom:audio-encoder-webm-vorbis: bf7c407c2cedff20999df2af8eb42d56 -> 
========================================================================
Received Import Request.
  Time since last request: 373.202218 seconds.
  path: Assets/ProCore
  artifactKey: Guid(91a0ef007a1682d45a23bf04bee240a3) Importer(815301076,1909f56bfc062723c751e8b465ee728b)
Start importing Assets/ProCore using Guid(91a0ef007a1682d45a23bf04bee240a3) Importer(815301076,1909f56bfc062723c751e8b465ee728b)  -> (artifact id: '5bdc1e301f623498c1dd446f8575e9be') in 0.009656 seconds 
========================================================================
Received Import Request.
  Time since last request: 0.770088 seconds.
  path: Assets/ProCore/ProBuilder
  artifactKey: Guid(9401232bf7fa5bb40be0ff2366fd8c76) Importer(815301076,1909f56bfc062723c751e8b465ee728b)
Start importing Assets/ProCore/ProBuilder using Guid(9401232bf7fa5bb40be0ff2366fd8c76) Importer(815301076,1909f56bfc062723c751e8b465ee728b)  -> (artifact id: 'e4d74349ebc08dc0bf46a493d5e605ed') in 0.006572 seconds 
========================================================================
Received Import Request.
  Time since last request: 9.498560 seconds.
  path: Assets/Recourses/ProCore/ProBuilder/Resources
  artifactKey: Guid(8332d4f78d34a5545a9a470c7adfd17e) Importer(815301076,1909f56bfc062723c751e8b465ee728b)
Start importing Assets/Recourses/ProCore/ProBuilder/Resources using Guid(8332d4f78d34a5545a9a470c7adfd17e) Importer(815301076,1909f56bfc062723c751e8b465ee728b)  -> (artifact id: '4a827dc0b0be54d26867aefaab8b59bd') in 0.036719 seconds 
========================================================================
Received Import Request.
  Time since last request: 1.015964 seconds.
  path: Assets/Recourses/ProCore/ProBuilder/Resources/Materials
  artifactKey: Guid(00ebd966eef42314394de5cff0648de1) Importer(815301076,1909f56bfc062723c751e8b465ee728b)
Start importing Assets/Recourses/ProCore/ProBuilder/Resources/Materials using Guid(00ebd966eef42314394de5cff0648de1) Importer(815301076,1909f56bfc062723c751e8b465ee728b)  -> (artifact id: 'ae6629d8035a26198f52be7f1e3ea1f0') in 0.002550 seconds 
========================================================================
Received Import Request.
  Time since last request: 0.049055 seconds.
  path: Assets/Recourses/ProCore/ProBuilder/Resources/Materials/Collider.mat
  artifactKey: Guid(603fae72aff7ce047b3328181ccdb189) Importer(815301076,1909f56bfc062723c751e8b465ee728b)
Start importing Assets/Recourses/ProCore/ProBuilder/Resources/Materials/Collider.mat using Guid(603fae72aff7ce047b3328181ccdb189) Importer(815301076,1909f56bfc062723c751e8b465ee728b)  -> (artifact id: 'bc0d30e85a0bb60807ca25f5e5ae683e') in 0.416671 seconds 
========================================================================
Received Import Request.
  Time since last request: 0.000372 seconds.
  path: Assets/Recourses/ProCore/ProBuilder/Resources/Materials/InvisibleFace.mat
  artifactKey: Guid(ff383952e5ab4984fa6d78dc45f912ca) Importer(815301076,1909f56bfc062723c751e8b465ee728b)
Start importing Assets/Recourses/ProCore/ProBuilder/Resources/Materials/InvisibleFace.mat using Guid(ff383952e5ab4984fa6d78dc45f912ca) Importer(815301076,1909f56bfc062723c751e8b465ee728b)  -> (artifact id: '2bae922535a906172f501d09e6440d81') in 0.023910 seconds 
========================================================================
Received Import Request.
  Time since last request: 0.000347 seconds.
  path: Assets/Recourses/ProCore/ProBuilder/Resources/Materials/Default_Prototype.mat
  artifactKey: Guid(55296d1b6ee54e14e8eb4648d4b448ee) Importer(815301076,1909f56bfc062723c751e8b465ee728b)
Start importing Assets/Recourses/ProCore/ProBuilder/Resources/Materials/Default_Prototype.mat using Guid(55296d1b6ee54e14e8eb4648d4b448ee) Importer(815301076,1909f56bfc062723c751e8b465ee728b)  -> (artifact id: '63a447be497447320ca1746f1f21a073') in 1.061686 seconds 
========================================================================
Received Import Request.
  Time since last request: 0.000332 seconds.
  path: Assets/Recourses/ProCore/ProBuilder/Resources/Materials/Trigger.mat
  artifactKey: Guid(52ade5953df0f7b48a2ffbce262817de) Importer(815301076,1909f56bfc062723c751e8b465ee728b)
Start importing Assets/Recourses/ProCore/ProBuilder/Resources/Materials/Trigger.mat using Guid(52ade5953df0f7b48a2ffbce262817de) Importer(815301076,1909f56bfc062723c751e8b465ee728b)  -> (artifact id: '5041846a464a6528d0ff8ce5f4fe1cbc') in 0.022204 seconds 
========================================================================
Received Import Request.
  Time since last request: 0.000291 seconds.
  path: Assets/Recourses/ProCore/ProBuilder/Resources/Materials/VertexPicker.mat
  artifactKey: Guid(c31e9d985a7477641845983a9e3f2dd5) Importer(815301076,1909f56bfc062723c751e8b465ee728b)
Start importing Assets/Recourses/ProCore/ProBuilder/Resources/Materials/VertexPicker.mat using Guid(c31e9d985a7477641845983a9e3f2dd5) Importer(815301076,1909f56bfc062723c751e8b465ee728b)  -> (artifact id: '6c60df07d9f78a0abbf16b80cba524e2') in 0.042550 seconds 
========================================================================
Received Import Request.
  Time since last request: 0.000303 seconds.
  path: Assets/Recourses/ProCore/ProBuilder/Resources/Materials/UnlitVertexColor.mat
  artifactKey: Guid(6db7bfac3a973f84bbccc95d60c5dc34) Importer(815301076,1909f56bfc062723c751e8b465ee728b)
Start importing Assets/Recourses/ProCore/ProBuilder/Resources/Materials/UnlitVertexColor.mat using Guid(6db7bfac3a973f84bbccc95d60c5dc34) Importer(815301076,1909f56bfc062723c751e8b465ee728b)  -> (artifact id: 'f3327a680b21c5452f7aaab6b1f9788e') in 0.093573 seconds 
========================================================================
Received Import Request.
  Time since last request: 0.039234 seconds.
  path: Assets/Recourses/ProCore/ProBuilder/Resources/Materials/NoDraw.mat
  artifactKey: Guid(6cbf8ff303d34df44b45c5624d244052) Importer(815301076,1909f56bfc062723c751e8b465ee728b)
Start importing Assets/Recourses/ProCore/ProBuilder/Resources/Materials/NoDraw.mat using Guid(6cbf8ff303d34df44b45c5624d244052) Importer(815301076,1909f56bfc062723c751e8b465ee728b)  -> (artifact id: '3613ecc4776182702607a4eac6a3977b') in 0.296068 seconds 
========================================================================
Received Import Request.
  Time since last request: 0.004166 seconds.
  path: Assets/Recourses/ProCore/ProBuilder/Resources/Materials/FacePicker.mat
  artifactKey: Guid(938152868a4b95549b1f1bbd0253ac42) Importer(815301076,1909f56bfc062723c751e8b465ee728b)
Start importing Assets/Recourses/ProCore/ProBuilder/Resources/Materials/FacePicker.mat using Guid(938152868a4b95549b1f1bbd0253ac42) Importer(815301076,1909f56bfc062723c751e8b465ee728b)  -> (artifact id: '1d32ba7e8a06fae39b038d8de97d3f04') in 0.040730 seconds 
========================================================================
Received Prepare
Registering precompiled user dll's ...
Registered in 0.008851 seconds.
Begin MonoManager ReloadAssembly
Symbol file LoadedFromMemory doesn't match image D:\bestanden\SintLucas\leerjaar 4\Practice\AllForOne\All For One\Library\PackageCache\com.unity.visualscripting@1.6.1\Editor\VisualScripting.Core\Dependencies\YamlDotNet\Unity.VisualScripting.YamlDotNet.dll
Symbol file LoadedFromMemory doesn't match image D:\bestanden\SintLucas\leerjaar 4\Practice\AllForOne\All For One\Library\PackageCache\com.unity.visualscripting@1.6.1\Editor\VisualScripting.Core\Dependencies\DotNetZip\Unity.VisualScripting.IonicZip.dll
Native extension for WindowsStandalone target not found
Refreshing native plugins compatible for Editor in 1.72 ms, found 3 plugins.
Preloading 0 native plugins for Editor in 0.00 ms.
Mono: successfully reloaded assembly
- Completed reload, in  1.462 seconds
Domain Reload Profiling:
	ReloadAssembly (1463ms)
		BeginReloadAssembly (184ms)
			ExecutionOrderSort (0ms)
			DisableScriptedObjects (6ms)
			BackupInstance (0ms)
			ReleaseScriptingObjects (0ms)
			CreateAndSetChildDomain (56ms)
		EndReloadAssembly (1206ms)
			LoadAssemblies (156ms)
			RebuildTransferFunctionScriptingTraits (0ms)
			SetupTypeCache (403ms)
			ReleaseScriptCaches (1ms)
			RebuildScriptCaches (51ms)
			SetupLoadedEditorAssemblies (489ms)
				LogAssemblyErrors (0ms)
				InitializePlatformSupportModulesInManaged (8ms)
				SetLoadedEditorAssemblies (2ms)
				RefreshPlugins (2ms)
				BeforeProcessingInitializeOnLoad (90ms)
				ProcessInitializeOnLoadAttributes (380ms)
				ProcessInitializeOnLoadMethodAttributes (4ms)
				AfterProcessingInitializeOnLoad (3ms)
				EditorAssembliesLoaded (0ms)
			ExecutionOrderSort2 (0ms)
			AwakeInstancesAfterBackupRestoration (8ms)
Platform modules already initialized, skipping
Refreshing native plugins compatible for Editor in 0.72 ms, found 3 plugins.
Preloading 0 native plugins for Editor in 0.00 ms.
Unloading 3020 Unused Serialized files (Serialized files now loaded: 0)
System memory in use before: 116.9 MB.
System memory in use after: 115.9 MB.

Unloading 32 unused Assets to reduce memory usage. Loaded Objects now: 3542.
Total: 4.809100 ms (FindLiveObjects: 0.328300 ms CreateObjectMapping: 0.217300 ms MarkObjects: 3.630200 ms  DeleteObjects: 0.631700 ms)

AssetImportParameters requested are different than current active one (requested -> active):
  custom:framework-win-MediaFoundation: 216162199b28c13a410421893ffa2e32 -> 
  custom:video-decoder-ogg-theora: a1e56fd34408186e4bbccfd4996cb3dc -> 
  custom:container-muxer-webm: aa71ff27fc2769a1b78a27578f13a17b -> 
  custom:container-demuxer-webm: 4f35f7cbe854078d1ac9338744f61a02 -> 
  custom:container-demuxer-ogg: 62fdf1f143b41e24485cea50d1cbac27 -> 
  custom:video-encoder-webm-vp8: eb34c28f22e8b96e1ab97ce403110664 -> 
  custom:video-codec-MediaFoundation-h265: 746d11721c4dcdbdad8f713fa42b33f4 -> 
  custom:video-decoder-webm-vp8: 9c59270c3fd7afecdb556c50c9e8de78 -> 
  custom:audio-decoder-ogg-vorbis: bf7c407c2cedff20999df2af8eb42d56 -> 
  custom:audio-encoder-webm-vorbis: bf7c407c2cedff20999df2af8eb42d56 -> 
========================================================================
Received Import Request.
  Time since last request: 257.165052 seconds.
  path: Assets/Recourses/ProCore/ProBuilder/Material
  artifactKey: Guid(819b8eaabe7f3024faf692448059c4dd) Importer(815301076,1909f56bfc062723c751e8b465ee728b)
Start importing Assets/Recourses/ProCore/ProBuilder/Material using Guid(819b8eaabe7f3024faf692448059c4dd) Importer(815301076,1909f56bfc062723c751e8b465ee728b)  -> (artifact id: '5eb7e3901987c17a8033342a1c1008b6') in 0.013959 seconds 
========================================================================
Received Import Request.
  Time since last request: 0.944449 seconds.
  path: Assets/Recourses/ProCore/ProBuilder/Material/Checker.mat
  artifactKey: Guid(1ab720e4dee3e6342b3573e5932f72ad) Importer(815301076,1909f56bfc062723c751e8b465ee728b)
Start importing Assets/Recourses/ProCore/ProBuilder/Material/Checker.mat using Guid(1ab720e4dee3e6342b3573e5932f72ad) Importer(815301076,1909f56bfc062723c751e8b465ee728b)  -> (artifact id: '276501e69d5ba0e75ea916630f0f8b0b') in 0.317892 seconds 
========================================================================
Received Import Request.
  Time since last request: 0.730049 seconds.
  path: Assets/Recourses/ProCore/ProBuilder/Material/Textures
  artifactKey: Guid(f7f8043a0df23d744bb33f730c5c7a51) Importer(815301076,1909f56bfc062723c751e8b465ee728b)
Start importing Assets/Recourses/ProCore/ProBuilder/Material/Textures using Guid(f7f8043a0df23d744bb33f730c5c7a51) Importer(815301076,1909f56bfc062723c751e8b465ee728b)  -> (artifact id: 'f806b4c3528a3915c363e8cca4aa0312') in 0.003409 seconds 
========================================================================
Received Import Request.
  Time since last request: 0.180885 seconds.
  path: Assets/Recourses/ProCore/ProBuilder/Material/Textures/Checker.png
  artifactKey: Guid(fb037c7b29046d9498cdace8ee042a71) Importer(815301076,1909f56bfc062723c751e8b465ee728b)
Start importing Assets/Recourses/ProCore/ProBuilder/Material/Textures/Checker.png using Guid(fb037c7b29046d9498cdace8ee042a71) Importer(815301076,1909f56bfc062723c751e8b465ee728b)  -> (artifact id: '088d36bd35636ab8c4683d3d338d116d') in 0.028272 seconds 
========================================================================
Received Import Request.
  Time since last request: 0.000310 seconds.
  path: Assets/Recourses/ProCore/ProBuilder/Material/Textures/GridBox_NoDraw.tga
  artifactKey: Guid(958f4a2eb8ded00429391a9816f6415f) Importer(815301076,1909f56bfc062723c751e8b465ee728b)
Start importing Assets/Recourses/ProCore/ProBuilder/Material/Textures/GridBox_NoDraw.tga using Guid(958f4a2eb8ded00429391a9816f6415f) Importer(815301076,1909f56bfc062723c751e8b465ee728b)  -> (artifact id: 'f507e6d9f49864ba5f2745010f6086fe') in 0.021339 seconds 
========================================================================
Received Import Request.
  Time since last request: 0.000362 seconds.
  path: Assets/Recourses/ProCore/ProBuilder/Material/Textures/GridBox_Collider.tga
  artifactKey: Guid(1c6c94e6f0b33b84794b532ebc14e8a3) Importer(815301076,1909f56bfc062723c751e8b465ee728b)
Start importing Assets/Recourses/ProCore/ProBuilder/Material/Textures/GridBox_Collider.tga using Guid(1c6c94e6f0b33b84794b532ebc14e8a3) Importer(815301076,1909f56bfc062723c751e8b465ee728b)  -> (artifact id: 'acd62846b1e2dff9b4fb092f0a8e3345') in 0.014829 seconds 
========================================================================
Received Import Request.
  Time since last request: 0.000551 seconds.
  path: Assets/Recourses/ProCore/ProBuilder/Material/Textures/VertOff.tga
  artifactKey: Guid(0883d895ef5a0aa4892f247367dbeda3) Importer(815301076,1909f56bfc062723c751e8b465ee728b)
Start importing Assets/Recourses/ProCore/ProBuilder/Material/Textures/VertOff.tga using Guid(0883d895ef5a0aa4892f247367dbeda3) Importer(815301076,1909f56bfc062723c751e8b465ee728b)  -> (artifact id: '56a4ef323332209c0f999fe19fe79882') in 0.015115 seconds 
========================================================================
Received Import Request.
  Time since last request: 0.000403 seconds.
  path: Assets/Recourses/ProCore/ProBuilder/Material/Textures/GridBox_Trigger.tga
  artifactKey: Guid(3cedd75ba729c3847bddf7bb13f31a5b) Importer(815301076,1909f56bfc062723c751e8b465ee728b)
Start importing Assets/Recourses/ProCore/ProBuilder/Material/Textures/GridBox_Trigger.tga using Guid(3cedd75ba729c3847bddf7bb13f31a5b) Importer(815301076,1909f56bfc062723c751e8b465ee728b)  -> (artifact id: '5384d7ec61967dea57826092963d1d4d') in 0.027696 seconds 
========================================================================
Received Import Request.
  Time since last request: 51.745145 seconds.
  path: Assets/Recourses/prefabs
  artifactKey: Guid(91d38f5b10fec0b4ba008d3a09afb9b0) Importer(815301076,1909f56bfc062723c751e8b465ee728b)
Start importing Assets/Recourses/prefabs using Guid(91d38f5b10fec0b4ba008d3a09afb9b0) Importer(815301076,1909f56bfc062723c751e8b465ee728b)  -> (artifact id: 'b545994950922433d1ad33c26f04a3d4') in 0.006554 seconds 
========================================================================
Received Import Request.
  Time since last request: 6.825239 seconds.
  path: Assets/Recourses/Prefabs
  artifactKey: Guid(91d38f5b10fec0b4ba008d3a09afb9b0) Importer(815301076,1909f56bfc062723c751e8b465ee728b)
Start importing Assets/Recourses/Prefabs using Guid(91d38f5b10fec0b4ba008d3a09afb9b0) Importer(815301076,1909f56bfc062723c751e8b465ee728b)  -> (artifact id: 'c0a29999be9c3ee209bb95df6f060b62') in 0.006885 seconds 
========================================================================
Received Import Request.
  Time since last request: 1055.841751 seconds.
  path: Assets/Recourses/Prefabs/Playground.prefab
  artifactKey: Guid(75db149414565754e9d6dcf194ffaa54) Importer(815301076,1909f56bfc062723c751e8b465ee728b)
Start importing Assets/Recourses/Prefabs/Playground.prefab using Guid(75db149414565754e9d6dcf194ffaa54) Importer(815301076,1909f56bfc062723c751e8b465ee728b)  -> (artifact id: '0d22e08d9d794296817508149a3e77cb') in 0.024925 seconds 
========================================================================
Received Import Request.
  Time since last request: 35.333126 seconds.
  path: Assets/Recourses/Prefabs/Playground.prefab
  artifactKey: Guid(75db149414565754e9d6dcf194ffaa54) Importer(815301076,1909f56bfc062723c751e8b465ee728b)
Start importing Assets/Recourses/Prefabs/Playground.prefab using Guid(75db149414565754e9d6dcf194ffaa54) Importer(815301076,1909f56bfc062723c751e8b465ee728b)  -> (artifact id: 'e474c817b43b5d41d9ed82b64113a64f') in 0.011595 seconds 
========================================================================
Received Import Request.
  Time since last request: 636.465587 seconds.
  path: Assets/Scenes
  artifactKey: Guid(a4411803f30cd4c4f8bef39b16c3ce77) Importer(815301076,1909f56bfc062723c751e8b465ee728b)
Start importing Assets/Scenes using Guid(a4411803f30cd4c4f8bef39b16c3ce77) Importer(815301076,1909f56bfc062723c751e8b465ee728b)  -> (artifact id: '2232fcaf0c6187054c80a970d8680892') in 0.008255 seconds 
========================================================================
Received Import Request.
  Time since last request: 1.736125 seconds.
  path: Assets/Scenes/SampleScene.unity
  artifactKey: Guid(9fc0d4010bbf28b4594072e72b8655ab) Importer(815301076,1909f56bfc062723c751e8b465ee728b)
Start importing Assets/Scenes/SampleScene.unity using Guid(9fc0d4010bbf28b4594072e72b8655ab) Importer(815301076,1909f56bfc062723c751e8b465ee728b)  -> (artifact id: '3b4c3b225d54149bb403d4827fb851b0') in 0.010345 seconds 
========================================================================
Received Import Request.
  Time since last request: 4.702900 seconds.
  path: Assets/Scenes/Playground.unity
  artifactKey: Guid(9fc0d4010bbf28b4594072e72b8655ab) Importer(815301076,1909f56bfc062723c751e8b465ee728b)
Start importing Assets/Scenes/Playground.unity using Guid(9fc0d4010bbf28b4594072e72b8655ab) Importer(815301076,1909f56bfc062723c751e8b465ee728b)  -> (artifact id: '7d268e77da32e52422ec2c48d94adef9') in 0.011189 seconds 
========================================================================
Received Import Request.
  Time since last request: 2402.670461 seconds.
  path: Assets/Textures/wall texture.jpg
  artifactKey: Guid(8ae2e10df47665a47808c7bb36ef4c2e) Importer(815301076,1909f56bfc062723c751e8b465ee728b)
Start importing Assets/Textures/wall texture.jpg using Guid(8ae2e10df47665a47808c7bb36ef4c2e) Importer(815301076,1909f56bfc062723c751e8b465ee728b)  -> (artifact id: '4b6de3fe243ea39bae9d2bb5cd7753fe') in 0.053544 seconds 
========================================================================
Received Import Request.
  Time since last request: 17.527665 seconds.
  path: Assets/Textures/wall texture.jpg
  artifactKey: Guid(8ae2e10df47665a47808c7bb36ef4c2e) Importer(815301076,1909f56bfc062723c751e8b465ee728b)
Start importing Assets/Textures/wall texture.jpg using Guid(8ae2e10df47665a47808c7bb36ef4c2e) Importer(815301076,1909f56bfc062723c751e8b465ee728b)  -> (artifact id: 'a219740781e3bf62205398b598c7a42b') in 0.022408 seconds 
AssetImportWorkerClient::OnTransportError - code=2 error=End of file
